[2024-04-21 11:36:16] - ============ Request Start ============
[2024-04-21 11:36:16] - Incoming Request - Method: POST
[2024-04-21 11:36:16] - Path: /login
[2024-04-21 11:36:16] - Body: {"email":"sanjeet@gmail.com","password":"test@123"}
[2024-04-21 11:36:16] - Outgoing Response - Status: 404
[2024-04-21 11:36:16] - Body: {"success":false,"message":"User Not Found"}
[2024-04-21 11:36:16] - User Data: null
[2024-04-21 11:36:16] - ============ Request Start ============
[2024-04-21 11:36:16] - Incoming Request - Method: POST
[2024-04-21 11:36:16] - Body: {"email":"jokerworldkkbro@gmail.com","password":"test@123"}
[2024-04-21 11:36:16] - Path: /login
[2024-04-21 11:36:16] - User Data: {
  _id: new ObjectId('6623fe8d4ee7fb504088c947'),
  userName: 'sanjeet',
  email: 'jokerworldkkbro@gmail.com',
  password: '$2a$10$6Zs8RJ.gMKapeZRFE5d7Tu.sJQb4vFD6n6JKnLaY1V9ve.D9i8JnC',
  address: [ { village: 'Khaira Asha', Pin: 841420 } ],
  answer: 'Cat',
  createdAt: 2024-04-20T17:42:37.237Z,
  updatedAt: 2024-04-20T17:42:37.237Z,
  __v: 0
}
[2024-04-21 11:36:16] - Body: {"success":true,"message":"Login Successful","token":"eyJhbGciOiJIUzI1NiIsInR5cCI6IkpXVCJ9.eyJpZCI6IjY2MjNmZThkNGVlN2ZiNTA0MDg4Yzk0NyIsImlhdCI6MTcxMzY4MTI3NywiZXhwIjoxNzE0Mjg2MDc3fQ.YCOKlOs_cWdVDbNaNOik5PlnUBSUdBQyST_Uqw0r-_o","validate":{"_id":"6623fe8d4ee7fb504088c947","userName":"sanjeet","email":"jokerworldkkbro@gmail.com","password":"$2a$10$6Zs8RJ.gMKapeZRFE5d7Tu.sJQb4vFD6n6JKnLaY1V9ve.D9i8JnC","address":[{"village":"Khaira Asha","Pin":841420}],"answer":"Cat","createdAt":"2024-04-20T17:42:37.237Z","updatedAt":"2024-04-20T17:42:37.237Z","__v":0}}
[2024-04-21 11:36:16] - Outgoing Response - Status: 200
[2024-04-21 11:36:16] - ============ Request Start ============
[2024-04-21 11:36:16] - Incoming Request - Method: POST
[2024-04-21 11:36:16] - Path: /login
[2024-04-21 11:36:16] - Body: {"email":"jokerworldkkbro@gmail.com","password":"test@123","otp":1234}
[2024-04-21 11:36:16] - User Data: {
  _id: new ObjectId('6623fe8d4ee7fb504088c947'),
  userName: 'sanjeet',
  email: 'jokerworldkkbro@gmail.com',
  password: '$2a$10$6Zs8RJ.gMKapeZRFE5d7Tu.sJQb4vFD6n6JKnLaY1V9ve.D9i8JnC',
  address: [ { village: 'Khaira Asha', Pin: 841420 } ],
  answer: 'Cat',
  createdAt: 2024-04-20T17:42:37.237Z,
  updatedAt: 2024-04-20T17:42:37.237Z,
  __v: 0
}
[2024-04-21 11:36:16] - Body: {"success":true,"message":"Login Successful","token":"eyJhbGciOiJIUzI1NiIsInR5cCI6IkpXVCJ9.eyJpZCI6IjY2MjNmZThkNGVlN2ZiNTA0MDg4Yzk0NyIsImlhdCI6MTcxMzY4MTk1NiwiZXhwIjoxNzE0Mjg2NzU2fQ.l1JOmb6Jjvjr4ZJT2k-3KBcTi6u8hJO-b9RvqrlW4Cw","validate":{"_id":"6623fe8d4ee7fb504088c947","userName":"sanjeet","email":"jokerworldkkbro@gmail.com","password":"$2a$10$6Zs8RJ.gMKapeZRFE5d7Tu.sJQb4vFD6n6JKnLaY1V9ve.D9i8JnC","address":[{"village":"Khaira Asha","Pin":841420}],"answer":"Cat","createdAt":"2024-04-20T17:42:37.237Z","updatedAt":"2024-04-20T17:42:37.237Z","__v":0}}
[2024-04-21 11:36:16] - Outgoing Response - Status: 200
[2024-04-21 15:03:56] - ============ Request Start ============
[2024-04-21 15:03:56] - Body: {"userName":"sanjeet","email":"jokerworldkkbro@gmail.com","password":"test@123","address":{"village":"Khaira Asha","Pin":841420},"answer":"Cat"}
[2024-04-21 15:03:56] - Incoming Request - Method: POST
[2024-04-21 15:03:56] - Path: /register
[2024-04-21 15:03:56] - User Data: null
[2024-04-21 15:03:56] - Outgoing Response - Status: 201
[2024-04-21 15:03:56] - Body: {"success":true,"message":"User registered successfully"}
[2024-04-21 16:00:23] - ============ Request Start ============
[2024-04-21 16:00:23] - Incoming Request - Method: POST
[2024-04-21 16:00:23] - Body: {"email":"jokerworldkkbro@gmail.com","password":"test@123"}
[2024-04-21 16:00:23] - Path: /login
[2024-04-21 16:00:23] - Outgoing Response - Status: 500
[2024-04-21 16:00:23] - Body: {"message":"Cannot read properties of undefined (reading 'id')"}
[2024-04-21 16:04:09] - ============ Request Start ============
[2024-04-21 16:04:09] - Incoming Request - Method: POST
[2024-04-21 16:04:09] - Path: /login
[2024-04-21 16:04:09] - Body: {"email":"jokerworldkkbro@gmail.com","password":"test@123"}
[2024-04-21 16:04:09] - User Data: {
  _id: new ObjectId('6624dd95743df75f24001f09'),
  userName: 'sanjeet',
  email: 'jokerworldkkbro@gmail.com',
  password: '$2a$10$sJvKOpX7iGAcUSf3bhJxn.QdElLcahEiwDENlwtbJKMeLDLoo7jW.',
  address: [ { village: 'Khaira Asha', Pin: 841420 } ],
  answer: 'Cat',
  createdAt: 2024-04-21T09:34:13.804Z,
  updatedAt: 2024-04-21T09:34:13.804Z,
  __v: 0
}
[2024-04-21 16:04:09] - Outgoing Response - Status: 200
[2024-04-21 16:04:09] - Body: {"success":true,"message":"Login Successful","token":"eyJhbGciOiJIUzI1NiIsInR5cCI6IkpXVCJ9.eyJpZCI6IjY2MjRkZDk1NzQzZGY3NWYyNDAwMWYwOSIsImlhdCI6MTcxMzY5NTY1NywiZXhwIjoxNzE0MzAwNDU3fQ.MdpktpqCsXIYVFSHOY-39j5DqFKJg34oGRLmYmQO-hs","validate":{"_id":"6624dd95743df75f24001f09","userName":"sanjeet","email":"jokerworldkkbro@gmail.com","password":"$2a$10$sJvKOpX7iGAcUSf3bhJxn.QdElLcahEiwDENlwtbJKMeLDLoo7jW.","address":[{"village":"Khaira Asha","Pin":841420}],"answer":"Cat","createdAt":"2024-04-21T09:34:13.804Z","updatedAt":"2024-04-21T09:34:13.804Z","__v":0}}
[2024-04-21 16:04:48] - Incoming Request - Method: POST
[2024-04-21 16:04:48] - ============ Request Start ============
[2024-04-21 16:04:48] - Path: /login
[2024-04-21 16:04:48] - Body: {"email":"jokerworldkkbro@gmail.com","password":"test@123"}
[2024-04-21 16:05:29] - ============ Request Start ============
[2024-04-21 16:05:29] - Incoming Request - Method: POST
[2024-04-21 16:05:29] - Body: {"email":"jokerworldkkbro@gmail.com","password":"test@123"}
[2024-04-21 16:05:29] - Outgoing Response - Status: 500
[2024-04-21 16:05:29] - Body: {"message":"Cannot read properties of undefined (reading 'id')"}
[2024-04-21 16:05:29] - Path: /login
[2024-04-21 16:06:08] - ============ Request Start ============
[2024-04-21 16:06:08] - Incoming Request - Method: POST
[2024-04-21 16:06:08] - Path: /login
[2024-04-21 16:06:08] - Body: {"email":"jokerworldkkbro@gmail.com","password":"test@123"}
[2024-04-21 16:06:08] - Outgoing Response - Status: 500
[2024-04-21 16:06:08] - Body: {"message":"Cannot read properties of undefined (reading 'id')"}
[2024-04-21 16:06:08] - ============ Request Start ============
[2024-04-21 16:06:08] - Path: /login
[2024-04-21 16:06:08] - Incoming Request - Method: POST
[2024-04-21 16:06:08] - Body: {"email":"jokerworldkkbro@gmail.com","password":"test@123"}
[2024-04-21 16:06:08] - Body: {"message":"Cannot read properties of undefined (reading 'id')"}
[2024-04-21 16:06:08] - Outgoing Response - Status: 500
[2024-04-21 16:06:22] - ============ Request Start ============
[2024-04-21 16:06:22] - Incoming Request - Method: POST
[2024-04-21 16:06:22] - Path: /login
[2024-04-21 16:06:22] - Body: {"email":"jokerworldkkbro@gmail.com","password":"test@123"}
[2024-04-21 16:06:22] - Body: {"message":"Cannot read properties of undefined (reading 'id')"}
[2024-04-21 16:06:22] - Outgoing Response - Status: 500
[2024-04-21 16:06:22] - ============ Request Start ============
[2024-04-21 16:06:22] - Incoming Request - Method: POST
[2024-04-21 16:06:22] - Outgoing Response - Status: 500
[2024-04-21 16:06:22] - Path: /login
[2024-04-21 16:06:22] - Body: {"message":"Cannot read properties of undefined (reading 'id')"}
[2024-04-21 16:06:22] - Body: {"email":"jokerworldkkbro@gmail.com","password":"test@123"}
[2024-04-21 16:08:52] - ============ Request Start ============
[2024-04-21 16:08:52] - Incoming Request - Method: POST
[2024-04-21 16:08:52] - Body: {"email":"jokerworldkkbro@gmail.com","password":"test@123"}
[2024-04-21 16:08:52] - Path: /login
[2024-04-21 16:08:52] - User Data: {
  _id: new ObjectId('6624dd95743df75f24001f09'),
  userName: 'sanjeet',
  email: 'jokerworldkkbro@gmail.com',
  password: '$2a$10$sJvKOpX7iGAcUSf3bhJxn.QdElLcahEiwDENlwtbJKMeLDLoo7jW.',
  address: [ { village: 'Khaira Asha', Pin: 841420 } ],
  answer: 'Cat',
  createdAt: 2024-04-21T09:34:13.804Z,
  updatedAt: 2024-04-21T09:34:13.804Z,
  __v: 0
}
[2024-04-21 16:08:52] - Outgoing Response - Status: 200
[2024-04-21 16:08:52] - Body: {"success":true,"message":"Login Successful","token":"eyJhbGciOiJIUzI1NiIsInR5cCI6IkpXVCJ9.eyJpZCI6IjY2MjRkZDk1NzQzZGY3NWYyNDAwMWYwOSIsImlhdCI6MTcxMzY5NTk0NCwiZXhwIjoxNzE0MzAwNzQ0fQ.QdmjiMZtPdADHw937oM4JE_c0pu9Sc6cmbf3OnmJIPE","validate":{"_id":"6624dd95743df75f24001f09","userName":"sanjeet","email":"jokerworldkkbro@gmail.com","password":"$2a$10$sJvKOpX7iGAcUSf3bhJxn.QdElLcahEiwDENlwtbJKMeLDLoo7jW.","address":[{"village":"Khaira Asha","Pin":841420}],"answer":"Cat","createdAt":"2024-04-21T09:34:13.804Z","updatedAt":"2024-04-21T09:34:13.804Z","__v":0}}
[2024-04-21 16:08:52] - Incoming Request - Method: GET
[2024-04-21 16:08:52] - ============ Request Start ============
[2024-04-21 16:08:52] - Outgoing Response - Status: 500
[2024-04-21 16:08:52] - Path: /getUserData
[2024-04-21 16:08:52] - Body: {}
[2024-04-21 16:08:52] - Body: {"message":"Cannot read properties of undefined (reading 'id')"}
[2024-04-21 16:08:52] - ============ Request Start ============
[2024-04-21 16:08:52] - Incoming Request - Method: GET
[2024-04-21 16:08:52] - Outgoing Response - Status: 500
[2024-04-21 16:08:52] - Path: /getUserData
[2024-04-21 16:08:52] - Body: {}
[2024-04-21 16:08:52] - Body: {"message":"Cannot read properties of undefined (reading 'id')"}
[2024-04-21 16:10:12] - Incoming Request - Method: GET
[2024-04-21 16:10:12] - ============ Request Start ============
[2024-04-21 16:10:12] - Path: /getUserData
[2024-04-21 16:10:12] - Body: {"message":"id is not defined"}
[2024-04-21 16:10:12] - Outgoing Response - Status: 500
[2024-04-21 16:10:12] - Body: {}
